build/app/intermediates/manifest_merge_blame_file/debug/manifest-merger-blame-debug-report.txt
1<?xml version="1.0" encoding="utf-8"?>
2<manifest xmlns:android="http://schemas.android.com/apk/res/android"
3    package="com.codingwithflutter.time_tracker_flutter_course"
4    android:versionCode="1"
5    android:versionName="1.0.0" >
6
7    <uses-sdk
8        android:minSdkVersion="23"
9        android:targetSdkVersion="29" />
10    <!--
11         Flutter needs it to communicate with the running application
12         to allow setting breakpoints, to provide hot reload, etc.
13    -->
14    <uses-permission android:name="android.permission.INTERNET" />
14-->src/main/AndroidManifest.xml:4:3-64
14-->src/main/AndroidManifest.xml:4:20-62
15    <uses-permission android:name="android.permission.ACCESS_NETWORK_STATE" />
15-->[com.google.firebase:firebase-auth:21.0.1] AndroidManifest.xml:24:5-79
15-->[com.google.firebase:firebase-auth:21.0.1] AndroidManifest.xml:24:22-76
16    <uses-permission android:name="android.permission.WAKE_LOCK" />
16-->[com.google.android.gms:play-services-measurement-api:19.0.0] AndroidManifest.xml:24:5-68
16-->[com.google.android.gms:play-services-measurement-api:19.0.0] AndroidManifest.xml:24:22-65
17    <uses-permission android:name="com.google.android.finsky.permission.BIND_GET_INSTALL_REFERRER_SERVICE" />
17-->[com.google.android.gms:play-services-measurement:19.0.0] AndroidManifest.xml:26:5-110
17-->[com.google.android.gms:play-services-measurement:19.0.0] AndroidManifest.xml:26:22-107
18    <!--
19 io.flutter.app.FlutterApplication is an android.app.Application that
20         calls FlutterMain.startInitialization(this); in its onCreate method.
21         In most cases you can leave this as-is, but you if you want to provide
22         additional functionality it is fine to subclass or reimplement
23         FlutterApplication and put your custom class here.
24    -->
25    <application
25-->src/main/AndroidManifest.xml:11:5-67:19
26        android:name="io.flutter.app.FlutterApplication"
26-->src/main/AndroidManifest.xml:12:9-57
27        android:appComponentFactory="androidx.core.app.CoreComponentFactory"
27-->[androidx.core:core:1.1.0] AndroidManifest.xml:24:18-86
28        android:debuggable="true"
29        android:icon="@mipmap/ic_launcher"
29-->src/main/AndroidManifest.xml:14:9-43
30        android:label="time_tracker_flutter_course"
30-->src/main/AndroidManifest.xml:13:9-52
31        android:supportsRtl="true" >
31-->[com.facebook.android:facebook-login:9.0.0] AndroidManifest.xml:28:18-44
32        <activity
32-->src/main/AndroidManifest.xml:15:9-43:20
33            android:name="com.codingwithflutter.time_tracker_flutter_course.MainActivity"
33-->src/main/AndroidManifest.xml:16:13-41
34            android:configChanges="orientation|keyboardHidden|keyboard|screenSize|smallestScreenSize|locale|layoutDirection|fontScale|screenLayout|density|uiMode"
34-->src/main/AndroidManifest.xml:19:13-163
35            android:hardwareAccelerated="true"
35-->src/main/AndroidManifest.xml:20:13-47
36            android:launchMode="singleTop"
36-->src/main/AndroidManifest.xml:17:13-43
37            android:theme="@style/LaunchTheme"
37-->src/main/AndroidManifest.xml:18:13-47
38            android:windowSoftInputMode="adjustResize" >
38-->src/main/AndroidManifest.xml:21:13-55
39
40            <!--
41                 Specifies an Android theme to apply to this Activity as soon as
42                 the Android process has started. This theme is visible to the user
43                 while the Flutter UI initializes. After that, this theme continues
44                 to determine the Window background behind the Flutter UI.
45            -->
46            <meta-data
46-->src/main/AndroidManifest.xml:26:13-29:17
47                android:name="io.flutter.embedding.android.NormalTheme"
47-->src/main/AndroidManifest.xml:27:15-70
48                android:resource="@style/NormalTheme" />
48-->src/main/AndroidManifest.xml:28:15-52
49            <!--
50                 Displays an Android View that continues showing the launch screen
51                 Drawable until Flutter paints its first frame, then this splash
52                 screen fades out. A splash screen is useful to avoid any visual
53                 gap between the end of Android's launch screen and the painting of
54                 Flutter's first frame.
55            -->
56            <meta-data
56-->src/main/AndroidManifest.xml:35:13-38:17
57                android:name="io.flutter.embedding.android.SplashScreenDrawable"
57-->src/main/AndroidManifest.xml:36:15-79
58                android:resource="@drawable/launch_background" />
58-->src/main/AndroidManifest.xml:37:15-61
59
60            <intent-filter>
60-->src/main/AndroidManifest.xml:39:13-42:29
61                <action android:name="android.intent.action.MAIN" />
61-->src/main/AndroidManifest.xml:40:17-68
61-->src/main/AndroidManifest.xml:40:25-66
62
63                <category android:name="android.intent.category.LAUNCHER" />
63-->src/main/AndroidManifest.xml:41:17-76
63-->src/main/AndroidManifest.xml:41:27-74
64            </intent-filter>
65        </activity>
66
67        <meta-data
67-->src/main/AndroidManifest.xml:44:13-45:54
68            android:name="com.facebook.sdk.ApplicationId"
68-->src/main/AndroidManifest.xml:44:24-69
69            android:value="@string/facebook_app_id" />
69-->src/main/AndroidManifest.xml:45:13-52
70
71        <activity
71-->src/main/AndroidManifest.xml:47:9-50:48
72            android:name="com.facebook.FacebookActivity"
72-->src/main/AndroidManifest.xml:47:19-63
73            android:configChanges="keyboard|keyboardHidden|screenLayout|screenSize|orientation"
73-->src/main/AndroidManifest.xml:48:13-117
74            android:label="@string/app_name"
74-->src/main/AndroidManifest.xml:50:13-45
75            android:theme="@style/com_facebook_activity_theme" />
75-->[com.facebook.android:facebook-common:9.0.0] AndroidManifest.xml:33:13-63
76        <activity
76-->src/main/AndroidManifest.xml:51:9-60:20
77            android:name="com.facebook.CustomTabActivity"
77-->src/main/AndroidManifest.xml:52:13-58
78            android:exported="true" >
78-->src/main/AndroidManifest.xml:53:13-36
79            <intent-filter>
79-->src/main/AndroidManifest.xml:54:13-59:29
80                <action android:name="android.intent.action.VIEW" />
80-->src/main/AndroidManifest.xml:55:17-69
80-->src/main/AndroidManifest.xml:55:25-66
81
82                <category android:name="android.intent.category.DEFAULT" />
82-->src/main/AndroidManifest.xml:56:17-76
82-->src/main/AndroidManifest.xml:56:27-73
83                <category android:name="android.intent.category.BROWSABLE" />
83-->src/main/AndroidManifest.xml:57:17-78
83-->src/main/AndroidManifest.xml:57:27-75
84
85                <data android:scheme="@string/fb_login_protocol_scheme" />
85-->src/main/AndroidManifest.xml:58:17-75
85-->src/main/AndroidManifest.xml:58:23-72
86            </intent-filter>
87            <intent-filter>
87-->[com.facebook.android:facebook-common:9.0.0] AndroidManifest.xml:39:13-48:29
88                <action android:name="android.intent.action.VIEW" />
88-->src/main/AndroidManifest.xml:55:17-69
88-->src/main/AndroidManifest.xml:55:25-66
89
90                <category android:name="android.intent.category.DEFAULT" />
90-->src/main/AndroidManifest.xml:56:17-76
90-->src/main/AndroidManifest.xml:56:27-73
91                <category android:name="android.intent.category.BROWSABLE" />
91-->src/main/AndroidManifest.xml:57:17-78
91-->src/main/AndroidManifest.xml:57:27-75
92
93                <data
93-->src/main/AndroidManifest.xml:58:17-75
94                    android:host="cct.com.codingwithflutter.time_tracker_flutter_course"
95                    android:scheme="fbconnect" />
95-->src/main/AndroidManifest.xml:58:23-72
96            </intent-filter>
97        </activity>
98
99        <!--
100             Don't delete the meta-data below.
101             This is used by the Flutter tool to generate GeneratedPluginRegistrant.java
102        -->
103        <meta-data
103-->src/main/AndroidManifest.xml:64:9-66:33
104            android:name="flutterEmbedding"
104-->src/main/AndroidManifest.xml:65:13-44
105            android:value="2" />
105-->src/main/AndroidManifest.xml:66:13-30
106
107        <service
107-->[:firebase_auth] AndroidManifest.xml:8:9-12:19
108            android:name="com.google.firebase.components.ComponentDiscoveryService"
108-->[:firebase_auth] AndroidManifest.xml:8:18-89
109            android:directBootAware="true"
109-->[com.google.firebase:firebase-common:20.0.0] AndroidManifest.xml:35:13-43
110            android:exported="false" >
110-->[com.google.firebase:firebase-auth:21.0.1] AndroidManifest.xml:76:13-37
111            <meta-data
111-->[:firebase_auth] AndroidManifest.xml:9:13-11:85
112                android:name="com.google.firebase.components:io.flutter.plugins.firebase.auth.FlutterFirebaseAuthRegistrar"
112-->[:firebase_auth] AndroidManifest.xml:10:17-124
113                android:value="com.google.firebase.components.ComponentRegistrar" />
113-->[:firebase_auth] AndroidManifest.xml:11:17-82
114            <meta-data
114-->[:firebase_core] AndroidManifest.xml:9:13-11:85
115                android:name="com.google.firebase.components:io.flutter.plugins.firebase.core.FlutterFirebaseCoreRegistrar"
115-->[:firebase_core] AndroidManifest.xml:10:17-124
116                android:value="com.google.firebase.components.ComponentRegistrar" />
116-->[:firebase_core] AndroidManifest.xml:11:17-82
117            <meta-data
117-->[com.google.firebase:firebase-auth:21.0.1] AndroidManifest.xml:77:13-79:85
118                android:name="com.google.firebase.components:com.google.firebase.auth.FirebaseAuthRegistrar"
118-->[com.google.firebase:firebase-auth:21.0.1] AndroidManifest.xml:78:17-109
119                android:value="com.google.firebase.components.ComponentRegistrar" />
119-->[com.google.firebase:firebase-auth:21.0.1] AndroidManifest.xml:79:17-82
120            <meta-data
120-->[com.google.android.gms:play-services-measurement-api:19.0.0] AndroidManifest.xml:30:13-32:85
121                android:name="com.google.firebase.components:com.google.firebase.analytics.connector.internal.AnalyticsConnectorRegistrar"
121-->[com.google.android.gms:play-services-measurement-api:19.0.0] AndroidManifest.xml:31:17-139
122                android:value="com.google.firebase.components.ComponentRegistrar" />
122-->[com.google.android.gms:play-services-measurement-api:19.0.0] AndroidManifest.xml:32:17-82
123            <meta-data
123-->[com.google.firebase:firebase-installations:17.0.0] AndroidManifest.xml:18:13-20:85
124                android:name="com.google.firebase.components:com.google.firebase.installations.FirebaseInstallationsRegistrar"
124-->[com.google.firebase:firebase-installations:17.0.0] AndroidManifest.xml:19:17-127
125                android:value="com.google.firebase.components.ComponentRegistrar" />
125-->[com.google.firebase:firebase-installations:17.0.0] AndroidManifest.xml:20:17-82
126        </service>
127
128        <activity
128-->[com.google.firebase:firebase-auth:21.0.1] AndroidManifest.xml:27:9-44:20
129            android:name="com.google.firebase.auth.internal.GenericIdpActivity"
129-->[com.google.firebase:firebase-auth:21.0.1] AndroidManifest.xml:28:13-80
130            android:excludeFromRecents="true"
130-->[com.google.firebase:firebase-auth:21.0.1] AndroidManifest.xml:29:13-46
131            android:exported="true"
131-->[com.google.firebase:firebase-auth:21.0.1] AndroidManifest.xml:30:13-36
132            android:launchMode="singleTask"
132-->[com.google.firebase:firebase-auth:21.0.1] AndroidManifest.xml:31:13-44
133            android:theme="@android:style/Theme.Translucent.NoTitleBar" >
133-->[com.google.firebase:firebase-auth:21.0.1] AndroidManifest.xml:32:13-72
134            <intent-filter>
134-->[com.google.firebase:firebase-auth:21.0.1] AndroidManifest.xml:33:13-43:29
135                <action android:name="android.intent.action.VIEW" />
135-->src/main/AndroidManifest.xml:55:17-69
135-->src/main/AndroidManifest.xml:55:25-66
136
137                <category android:name="android.intent.category.DEFAULT" />
137-->src/main/AndroidManifest.xml:56:17-76
137-->src/main/AndroidManifest.xml:56:27-73
138                <category android:name="android.intent.category.BROWSABLE" />
138-->src/main/AndroidManifest.xml:57:17-78
138-->src/main/AndroidManifest.xml:57:27-75
139
140                <data
140-->src/main/AndroidManifest.xml:58:17-75
141                    android:host="firebase.auth"
142                    android:path="/"
143                    android:scheme="genericidp" />
143-->src/main/AndroidManifest.xml:58:23-72
144            </intent-filter>
145        </activity>
146        <activity
146-->[com.google.firebase:firebase-auth:21.0.1] AndroidManifest.xml:45:9-62:20
147            android:name="com.google.firebase.auth.internal.RecaptchaActivity"
147-->[com.google.firebase:firebase-auth:21.0.1] AndroidManifest.xml:46:13-79
148            android:excludeFromRecents="true"
148-->[com.google.firebase:firebase-auth:21.0.1] AndroidManifest.xml:47:13-46
149            android:exported="true"
149-->[com.google.firebase:firebase-auth:21.0.1] AndroidManifest.xml:48:13-36
150            android:launchMode="singleTask"
150-->[com.google.firebase:firebase-auth:21.0.1] AndroidManifest.xml:49:13-44
151            android:theme="@android:style/Theme.Translucent.NoTitleBar" >
151-->[com.google.firebase:firebase-auth:21.0.1] AndroidManifest.xml:50:13-72
152            <intent-filter>
152-->[com.google.firebase:firebase-auth:21.0.1] AndroidManifest.xml:51:13-61:29
153                <action android:name="android.intent.action.VIEW" />
153-->src/main/AndroidManifest.xml:55:17-69
153-->src/main/AndroidManifest.xml:55:25-66
154
155                <category android:name="android.intent.category.DEFAULT" />
155-->src/main/AndroidManifest.xml:56:17-76
155-->src/main/AndroidManifest.xml:56:27-73
156                <category android:name="android.intent.category.BROWSABLE" />
156-->src/main/AndroidManifest.xml:57:17-78
156-->src/main/AndroidManifest.xml:57:27-75
157
158                <data
158-->src/main/AndroidManifest.xml:58:17-75
159                    android:host="firebase.auth"
160                    android:path="/"
161                    android:scheme="recaptcha" />
161-->src/main/AndroidManifest.xml:58:23-72
162            </intent-filter>
163        </activity>
164
165        <service
165-->[com.google.firebase:firebase-auth:21.0.1] AndroidManifest.xml:64:9-73:19
166            android:name="com.google.firebase.auth.api.fallback.service.FirebaseAuthFallbackService"
166-->[com.google.firebase:firebase-auth:21.0.1] AndroidManifest.xml:65:13-101
167            android:enabled="true"
167-->[com.google.firebase:firebase-auth:21.0.1] AndroidManifest.xml:66:13-35
168            android:exported="false" >
168-->[com.google.firebase:firebase-auth:21.0.1] AndroidManifest.xml:67:13-37
169            <intent-filter>
169-->[com.google.firebase:firebase-auth:21.0.1] AndroidManifest.xml:68:13-72:29
170                <action android:name="com.google.firebase.auth.api.gms.service.START" />
170-->[com.google.firebase:firebase-auth:21.0.1] AndroidManifest.xml:69:17-89
170-->[com.google.firebase:firebase-auth:21.0.1] AndroidManifest.xml:69:25-86
171
172                <category android:name="android.intent.category.DEFAULT" />
172-->src/main/AndroidManifest.xml:56:17-76
172-->src/main/AndroidManifest.xml:56:27-73
173            </intent-filter>
174        </service>
175
176        <activity android:name="com.facebook.CustomTabMainActivity" />
176-->[com.facebook.android:facebook-common:9.0.0] AndroidManifest.xml:34:9-71
176-->[com.facebook.android:facebook-common:9.0.0] AndroidManifest.xml:34:19-68
177        <activity
177-->[com.google.android.gms:play-services-auth:16.0.1] AndroidManifest.xml:23:9-27:75
178            android:name="com.google.android.gms.auth.api.signin.internal.SignInHubActivity"
178-->[com.google.android.gms:play-services-auth:16.0.1] AndroidManifest.xml:24:13-93
179            android:excludeFromRecents="true"
179-->[com.google.android.gms:play-services-auth:16.0.1] AndroidManifest.xml:25:13-46
180            android:exported="false"
180-->[com.google.android.gms:play-services-auth:16.0.1] AndroidManifest.xml:26:13-37
181            android:theme="@android:style/Theme.Translucent.NoTitleBar" />
181-->[com.google.android.gms:play-services-auth:16.0.1] AndroidManifest.xml:27:13-72
182        <!--
183            Service handling Google Sign-In user revocation. For apps that do not integrate with
184            Google Sign-In, this service will never be started.
185        -->
186        <service
186-->[com.google.android.gms:play-services-auth:16.0.1] AndroidManifest.xml:33:9-36:110
187            android:name="com.google.android.gms.auth.api.signin.RevocationBoundService"
187-->[com.google.android.gms:play-services-auth:16.0.1] AndroidManifest.xml:34:13-89
188            android:exported="true"
188-->[com.google.android.gms:play-services-auth:16.0.1] AndroidManifest.xml:35:13-36
189            android:permission="com.google.android.gms.auth.api.signin.permission.REVOCATION_NOTIFICATION" />
189-->[com.google.android.gms:play-services-auth:16.0.1] AndroidManifest.xml:36:13-107
190
191        <activity
191-->[com.google.android.gms:play-services-base:17.1.0] AndroidManifest.xml:23:9-26:75
192            android:name="com.google.android.gms.common.api.GoogleApiActivity"
192-->[com.google.android.gms:play-services-base:17.1.0] AndroidManifest.xml:24:13-79
193            android:exported="false"
193-->[com.google.android.gms:play-services-base:17.1.0] AndroidManifest.xml:25:13-37
194            android:theme="@android:style/Theme.Translucent.NoTitleBar" />
194-->[com.google.android.gms:play-services-base:17.1.0] AndroidManifest.xml:26:13-72
195
196        <provider
196-->[com.google.firebase:firebase-common:20.0.0] AndroidManifest.xml:26:9-31:39
197            android:name="com.google.firebase.provider.FirebaseInitProvider"
197-->[com.google.firebase:firebase-common:20.0.0] AndroidManifest.xml:27:13-77
198            android:authorities="com.codingwithflutter.time_tracker_flutter_course.firebaseinitprovider"
198-->[com.google.firebase:firebase-common:20.0.0] AndroidManifest.xml:28:13-72
199            android:directBootAware="true"
199-->[com.google.firebase:firebase-common:20.0.0] AndroidManifest.xml:29:13-43
200            android:exported="false"
200-->[com.google.firebase:firebase-common:20.0.0] AndroidManifest.xml:30:13-37
201            android:initOrder="100" />
201-->[com.google.firebase:firebase-common:20.0.0] AndroidManifest.xml:31:13-36
202
203        <receiver
203-->[com.google.android.gms:play-services-measurement:19.0.0] AndroidManifest.xml:29:9-33:20
204            android:name="com.google.android.gms.measurement.AppMeasurementReceiver"
204-->[com.google.android.gms:play-services-measurement:19.0.0] AndroidManifest.xml:30:13-85
205            android:enabled="true"
205-->[com.google.android.gms:play-services-measurement:19.0.0] AndroidManifest.xml:31:13-35
206            android:exported="false" >
206-->[com.google.android.gms:play-services-measurement:19.0.0] AndroidManifest.xml:32:13-37
207        </receiver>
208
209        <service
209-->[com.google.android.gms:play-services-measurement:19.0.0] AndroidManifest.xml:35:9-38:40
210            android:name="com.google.android.gms.measurement.AppMeasurementService"
210-->[com.google.android.gms:play-services-measurement:19.0.0] AndroidManifest.xml:36:13-84
211            android:enabled="true"
211-->[com.google.android.gms:play-services-measurement:19.0.0] AndroidManifest.xml:37:13-35
212            android:exported="false" />
212-->[com.google.android.gms:play-services-measurement:19.0.0] AndroidManifest.xml:38:13-37
213        <service
213-->[com.google.android.gms:play-services-measurement:19.0.0] AndroidManifest.xml:39:9-43:72
214            android:name="com.google.android.gms.measurement.AppMeasurementJobService"
214-->[com.google.android.gms:play-services-measurement:19.0.0] AndroidManifest.xml:40:13-87
215            android:enabled="true"
215-->[com.google.android.gms:play-services-measurement:19.0.0] AndroidManifest.xml:41:13-35
216            android:exported="false"
216-->[com.google.android.gms:play-services-measurement:19.0.0] AndroidManifest.xml:42:13-37
217            android:permission="android.permission.BIND_JOB_SERVICE" />
217-->[com.google.android.gms:play-services-measurement:19.0.0] AndroidManifest.xml:43:13-69
218
219        <meta-data
219-->[com.google.android.gms:play-services-basement:17.1.0] AndroidManifest.xml:23:9-25:69
220            android:name="com.google.android.gms.version"
220-->[com.google.android.gms:play-services-basement:17.1.0] AndroidManifest.xml:24:13-58
221            android:value="@integer/google_play_services_version" />
221-->[com.google.android.gms:play-services-basement:17.1.0] AndroidManifest.xml:25:13-66
222        <!--
223         The initialization ContentProvider will call FacebookSdk.sdkInitialize automatically
224         with the application context. This config is merged in with the host app's manifest,
225         but there can only be one provider with the same authority activated at any given
226         point; so if the end user has two or more different apps that use Facebook SDK, only the
227         first one will be able to use the provider. To work around this problem, we use the
228         following placeholder in the authority to identify each host application as if it was
229         a completely different provider.
230        -->
231        <provider
231-->[com.facebook.android:facebook-core:9.0.0] AndroidManifest.xml:39:9-42:40
232            android:name="com.facebook.internal.FacebookInitProvider"
232-->[com.facebook.android:facebook-core:9.0.0] AndroidManifest.xml:40:13-70
233            android:authorities="com.codingwithflutter.time_tracker_flutter_course.FacebookInitProvider"
233-->[com.facebook.android:facebook-core:9.0.0] AndroidManifest.xml:41:13-72
234            android:exported="false" />
234-->[com.facebook.android:facebook-core:9.0.0] AndroidManifest.xml:42:13-37
235
236        <receiver
236-->[com.facebook.android:facebook-core:9.0.0] AndroidManifest.xml:44:9-50:20
237            android:name="com.facebook.CurrentAccessTokenExpirationBroadcastReceiver"
237-->[com.facebook.android:facebook-core:9.0.0] AndroidManifest.xml:45:13-86
238            android:exported="false" >
238-->[com.facebook.android:facebook-core:9.0.0] AndroidManifest.xml:46:13-37
239            <intent-filter>
239-->[com.facebook.android:facebook-core:9.0.0] AndroidManifest.xml:47:13-49:29
240                <action android:name="com.facebook.sdk.ACTION_CURRENT_ACCESS_TOKEN_CHANGED" />
240-->[com.facebook.android:facebook-core:9.0.0] AndroidManifest.xml:48:17-95
240-->[com.facebook.android:facebook-core:9.0.0] AndroidManifest.xml:48:25-92
241            </intent-filter>
242        </receiver>
243    </application>
244
245</manifest>